[2018/11/30 10:17:21] [INFO] File "E:/xampp/htdocs/ImgMod\urlsSource\7JnKrLfkle1VVAch8xxw" successfully downloaded.
[2018/11/30 10:32:11] [INFO] File "E:/xampp/htdocs/ImgMod\urlsSource\vdKHfeFLPcnunkHVBrt3" successfully downloaded.
[2018/11/30 10:34:56] [INFO] File "E:/xampp/htdocs/ImgMod\urlsSource\IU8RCLAvweHLfwzv8vw3" successfully downloaded.
[2018/11/30 10:36:21] [INFO] File "E:/xampp/htdocs/ImgMod\urlsSource\1AUZ7BQa0SWbwldZElPL" successfully downloaded.
[2018/11/30 10:36:42] [INFO] File "E:/xampp/htdocs/ImgMod\urlsSource\evOgiwQFEe7Qa1d6b0FS" successfully downloaded.
[2018/11/30 10:36:53] [INFO] File "E:/xampp/htdocs/ImgMod\urlsSource\IZEWMQuRETlVyfA4cPhS" successfully downloaded.
[2018/11/30 10:38:21] [INFO] File "E:/xampp/htdocs/ImgMod\urlsSource\tcJYDOCX2PPg0pTwqlIx" successfully downloaded.
[2018/11/30 10:39:45] [INFO] File "E:/xampp/htdocs/ImgMod\urlsSource\XO26S1g7PM6n3EzNdAs2" successfully downloaded.
[2018/11/30 10:44:19] [INFO] File "E:/xampp/htdocs/ImgMod\urlsSource\UoNHLoGbWs5KixVA4qEh" successfully downloaded.
[2018/11/30 10:44:24] [INFO] File "E:/xampp/htdocs/ImgMod\urlsSource\UcZBx4qPNh8qlOVu0YdP" successfully downloaded.
[2018/11/30 10:56:12] [INFO] File "E:/xampp/htdocs/ImgMod\urlsSource\2AXEI3GJmv58ToQRU4dp" successfully downloaded.
[2018/11/30 11:04:23] [ERROR] The file  doesn't exist
[2018/11/30 11:04:34] [INFO] File "E:/xampp/htdocs/ImgMod\urlsSource\4geuBJKjh7kkJ0JGHHGO" successfully downloaded.
[2018/11/30 11:11:50] [INFO] File "E:/xampp/htdocs/ImgMod\urlsSource\NUPEJIdxrsV4LkIZvSGc" successfully downloaded.
[2018/11/30 11:12:06] [INFO] File "E:/xampp/htdocs/ImgMod\urlsSource\II0rhR4TgpISpiutTe7v" successfully downloaded.
[2018/11/30 11:15:34] [INFO] File "E:/xampp/htdocs/ImgMod\urlsSource\ehVA3563AyKdhqw4fCcv" successfully downloaded.
[2018/11/30 11:16:35] [INFO] File "E:/xampp/htdocs/ImgMod\urlsSource\AhqBP6p2HKrJ3LlCPY9d" successfully downloaded.
[2018/11/30 11:18:12] [INFO] File "E:/xampp/htdocs/ImgMod\urlsSource\PlgdKOBIeFGUQKKbWtuZ" successfully downloaded.
[2018/11/30 11:22:01] [INFO] File "E:/xampp/htdocs/ImgMod\urlsSource\5ImRMkkygP0ZdrFopiD1" successfully downloaded.
[2018/11/30 11:23:12] [INFO] File "E:/xampp/htdocs/ImgMod\urlsSource\4waUBkvFVMeEGWHeUcRB" successfully downloaded.
[2018/11/30 11:24:25] [INFO] File "E:/xampp/htdocs/ImgMod\urlsSource\ZMv4lAzRdeVnJXm4j2ns" successfully downloaded.
[2018/11/30 11:30:21] [INFO] File "E:/xampp/htdocs/ImgMod\urlsSource\KrK0iCjwtObY1aBrT0gX" successfully downloaded.
[2018/11/30 11:30:49] [INFO] File "E:/xampp/htdocs/ImgMod\urlsSource\KPYVJDkzwIiBeGlLZyET" successfully downloaded.
[2018/11/30 12:01:18] [INFO] File "E:/xampp/htdocs/ImgMod\urlsSource\3bamY8pblgyE3z3a8lkn" successfully downloaded.
[2018/11/30 17:04:42] [INFO] File "E:/xampp/htdocs/ImgMod\urlsSource\FUrEAMiGIs7M2IIfRLeS" successfully downloaded.
[2018/11/30 19:12:00] [INFO] File "E:/xampp/htdocs/ImgMod\urlsSource\nKpkD5XtWSQwR7wEZZYY" successfully uploaded.
