[2018/12/10 20:00:12] [INFO] File "/var/www/html/urlsSource/qA0tOlGBZkIBHiwmB0xA.txt" successfully uploaded and files downloaded with same structure.
[2018/12/10 20:01:05] [INFO] File "/var/www/html/urlsSource/msTwkVgRnDq9xVEmGj6z.txt" successfully uploaded and files downloaded with same structure.
[2018/12/10 20:03:33] [INFO] File "/var/www/html/urlsSource/gf5dKw6HAjCYcRwWNoGu.txt" successfully uploaded and files downloaded with same structure.
[2018/12/10 20:07:26] [INFO] File "/var/www/html/urlsSource/WUgk36HrxoQHjPMuDTjw.txt" successfully uploaded and files downloaded with same structure.
[2018/12/10 20:08:53] [INFO] File "/var/www/html/urlsSource/43CfF3d6HSKVZA3MNzAt.txt" successfully uploaded and files downloaded with same structure.
[2018/12/10 20:08:53] [ERROR] File: /var/www/html/"tmp\/temporary.tmp"don't exist. Exiting. Code 3
[2018/12/10 20:09:27] [INFO] File "/var/www/html/urlsSource/pBNOqdknunDrb6gOiCxm.txt" successfully uploaded and files downloaded with same structure.
[2018/12/10 20:09:27] [ERROR] File: /var/www/html/"tmp\/temporary.tmp"don't exist. Exiting. Code 3
[2018/12/10 20:11:31] [INFO] File "/var/www/html/urlsSource/Mu71Jttyf3pALRQutsIr.txt" successfully uploaded and files downloaded with same structure.
[2018/12/10 20:11:31] [ERROR] File: /var/www/html/"tmp\/temporary.tmp"don't exist. Exiting. Code 3
[2018/12/10 20:12:08] [INFO] File "/var/www/html/urlsSource/m00GdOhEZcql5gEspahc.txt" successfully uploaded and files downloaded with same structure.
[2018/12/10 20:13:43] [INFO] File "/var/www/html/urlsSource/kO1HitUKVr0Ap9WwCpyt.txt" successfully uploaded and files downloaded with same structure.
[2018/12/10 20:15:43] [INFO] File "/var/www/html/urlsSource/7oqIps857SoBq0yCqU0W.txt" successfully uploaded and files downloaded with same structure.
[2018/12/10 20:15:47] [INFO] File "/var/www/html/urlsSource/knVWRIXNo3R62KtIVlFc.txt" successfully uploaded and files downloaded with same structure.
[2018/12/10 20:15:48] [INFO] File "/var/www/html/urlsSource/Au3l6MKIrpnMeyl29q3S.txt" successfully uploaded and files downloaded with same structure.
[2018/12/10 20:16:21] [INFO] File "/var/www/html/urlsSource/ClNc2GED74jncvOHyKcp.txt" successfully uploaded and files downloaded with same structure.
[2018/12/10 20:17:43] [INFO] File "/var/www/html/urlsSource/UZrPROE2dTINeliPBDzu.txt" successfully uploaded and files downloaded with same structure.
[2018/12/10 20:22:36] [INFO] File "/var/www/html/urlsSource/2UxrIltCjDeA8kADKTkW.txt" successfully uploaded and files downloaded with same structure.
[2018/12/10 20:23:25] [INFO] File "/var/www/html/urlsSource/KmtNlcp5ZEinmVt4FBIO.txt" successfully uploaded and files downloaded with same structure.
[2018/12/10 20:29:57] [INFO] File "/var/www/html/urlsSource/GJYwpEu7BGdVfHATvJFO.txt" successfully uploaded and files downloaded with same structure.
[2018/12/10 20:29:59] [INFO] File "/var/www/html/urlsSource/33BIXZc8Yv16CbqipAvq.txt" successfully uploaded and files downloaded with same structure.
[2018/12/10 20:30:04] [INFO] File "/var/www/html/urlsSource/KoTfOmEnOu4WsJilR6o5.txt" successfully uploaded and files downloaded with same structure.
[2018/12/10 20:32:14] [INFO] File "/var/www/html/urlsSource/E5ISDsFUSkTjo9CoJoMx.txt" successfully uploaded and files downloaded with same structure.
[2018/12/10 20:33:33] [INFO] File "/var/www/html/urlsSource/rM1IWwg7IAaTHbG9kLrw.txt" successfully uploaded and files downloaded with same structure.
[2018/12/10 20:36:41] [INFO] File "/var/www/html/urlsSource/fTGtqU2wLXcqEwAK4V1K.txt" successfully uploaded and files downloaded with same structure.
[2018/12/10 20:37:56] [INFO] File "/var/www/html/urlsSource/jQxxsuhOPjCbEFn4AFFW.txt" successfully uploaded and files downloaded with same structure.
[2018/12/10 20:38:36] [INFO] File "/var/www/html/urlsSource/A9VoJjTkMI7Vvzf7zdw7.txt" successfully uploaded and files downloaded with same structure.
[2018/12/10 20:39:43] [INFO] File "/var/www/html/urlsSource/OwRCTtU7HDH52ejilN6F.txt" successfully uploaded and files downloaded with same structure.
[2018/12/10 20:49:19] [INFO] File "/var/www/html/urlsSource/bRSN4U3B3cWydcQcEQ34.txt" successfully uploaded and files downloaded with same structure.
[2018/12/10 20:50:32] [INFO] File "/var/www/html/urlsSource/M6QihjMmgPWb0uwZuau4.txt" successfully uploaded and files downloaded with same structure.
[2018/12/10 20:50:45] [INFO] File "/var/www/html/urlsSource/jVjTS34Y43OFkdRNYSHc.txt" successfully uploaded and files downloaded with same structure.
[2018/12/10 20:55:23] [INFO] File "/var/www/html/urlsSource/L7ICCABuAwmQIPvI5Qd9.txt" successfully uploaded and files downloaded with same structure.
[2018/12/10 20:56:19] [INFO] File "/var/www/html/urlsSource/tCBwPGTPbdE7tpWlCeCy.txt" successfully uploaded and files downloaded with same structure.
[2018/12/10 20:59:53] [INFO] File "/var/www/html/urlsSource/LvrPpJK60fSCexgixWUD.txt" successfully uploaded and files downloaded with same structure.
[2018/12/10 21:01:34] [INFO] File "/var/www/html/urlsSource/issCwU4gN7n9NCRuBqJO.txt" successfully uploaded and files downloaded with same structure.
[2018/12/10 21:02:01] [INFO] File "/var/www/html/urlsSource/FIfs2puUZxPK4k5Pq2MP.txt" successfully uploaded and files downloaded with same structure.
[2018/12/10 21:04:26] [INFO] File "/var/www/html/urlsSource/x86uQebvH7j7AQNndVWW.txt" successfully uploaded and files downloaded with same structure.
[2018/12/10 21:05:12] [INFO] File "/var/www/html/urlsSource/mC3e8fTm7yz3llCqRewV.txt" successfully uploaded and files downloaded with same structure.
[2018/12/10 21:08:07] [INFO] File "/var/www/html/urlsSource/fCgdTW8FtROZRVdVqLxU.txt" successfully uploaded and files downloaded with same structure.
[2018/12/10 21:10:49] [INFO] File "/var/www/html/urlsSource/XKDBcornFYwRuyNp16Gx.txt" successfully uploaded and files downloaded with same structure.
