[2018/12/04 19:27:23] [ERROR] The file could E:/wamp64/www/ImgMod\urlsSource\seM49qOJJOgYhyj8MLoM.txt not be opened
[2018/12/04 19:31:06] [ERROR] The file could E:/wamp64/www/ImgMod\urlsSource\jh9wK1CYS1HkjdHlu74q.txt not be opened
[2018/12/04 19:32:24] [ERROR] The file could E:/wamp64/www/ImgMod\urlsSource\y5cVSSBJbdDGIT8G59XA.txt not be opened
[2018/12/04 19:42:00] [INFO] File "E:/wamp64/www/ImgMod\urlsSource\JJQ8PqTD45JeqemAQgB0.txt" successfully uploaded and files downloaded with same structure.
[2018/12/04 19:42:16] [INFO] File "E:/wamp64/www/ImgMod\urlsSource\zLBFyGXNBil5Z5jjr8Pf.txt" successfully uploaded and files downloaded with same structure.
[2018/12/04 19:42:58] [INFO] File "E:/wamp64/www/ImgMod\urlsSource\G1DW4JJEU0fYIrVwWTgH.txt" successfully uploaded and files downloaded with same structure.
[2018/12/04 19:43:44] [INFO] File "E:/wamp64/www/ImgMod\urlsSource\FvJM7u7Oklzf6LWMoVZP.txt" successfully uploaded and files downloaded with same structure.
[2018/12/04 19:43:56] [INFO] File "E:/wamp64/www/ImgMod\urlsSource\EgdnZajYfOhYaLCkWlhD.txt" successfully uploaded and files downloaded with same structure.
[2018/12/04 19:45:13] [INFO] File "E:/wamp64/www/ImgMod\urlsSource\UObnzwLcuz2NZG5cNaqg.txt" successfully uploaded and files downloaded with same structure.
[2018/12/04 19:46:48] [INFO] File "E:/wamp64/www/ImgMod\urlsSource\UV6CvlmiX1eg97fcMpsn.txt" successfully uploaded and files downloaded with same structure.
[2018/12/04 19:49:48] [INFO] File "E:/wamp64/www/ImgMod\urlsSource\WF23L06jURAvOXRRay7K.txt" successfully uploaded and files downloaded with same structure.
[2018/12/04 19:51:10] [INFO] File "E:/wamp64/www/ImgMod\urlsSource\IR8TQp8WzIO1MArXBNWO.txt" successfully uploaded and files downloaded with same structure.
[2018/12/04 19:56:38] [INFO] File "E:/wamp64/www/ImgMod\urlsSource\Z1oP4wZKxrUQrFAJ0ZLL.txt" successfully uploaded and files downloaded with same structure.
[2018/12/04 19:56:53] [INFO] File "E:/wamp64/www/ImgMod\urlsSource\zwLOFQFdyH8Ea7Nv5QIa.txt" successfully uploaded and files downloaded with same structure.
[2018/12/04 19:57:01] [INFO] File "E:/wamp64/www/ImgMod\urlsSource\SUqNsEixNuXiTsRapkxe.txt" successfully uploaded and files downloaded with same structure.
[2018/12/04 19:57:11] [INFO] File "E:/wamp64/www/ImgMod\urlsSource\u2aVH5p72sruy93SFlIi.txt" successfully uploaded and files downloaded with same structure.
[2018/12/04 20:02:23] [INFO] File "E:/wamp64/www/ImgMod\urlsSource\ZleOT2dZbCKEhgaKTLrj.txt" successfully uploaded and files downloaded with same structure.
[2018/12/04 20:02:35] [INFO] File "E:/wamp64/www/ImgMod\urlsSource\ipDwMCTunKogazBs0vNK.txt" successfully uploaded and files downloaded with same structure.
[2018/12/04 20:02:39] [INFO] File "E:/wamp64/www/ImgMod\urlsSource\OEDKsDvxejZakpAsJoaF.txt" successfully uploaded and files downloaded with same structure.
[2018/12/04 20:02:55] [INFO] File "E:/wamp64/www/ImgMod\urlsSource\mY84p5L3PP4bQtR9DLRW.txt" successfully uploaded and files downloaded with same structure.
[2018/12/04 20:03:14] [INFO] File "E:/wamp64/www/ImgMod\urlsSource\Rv6vjA7rK0X6z8DCGj7O.txt" successfully uploaded and files downloaded with same structure.
[2018/12/04 20:03:21] [INFO] File "E:/wamp64/www/ImgMod\urlsSource\uHDvWOdVQ0Fe48eU6ng9.txt" successfully uploaded and files downloaded with same structure.
[2018/12/04 20:06:12] [INFO] File "E:/wamp64/www/ImgMod\urlsSource\MERbSOzSdm5uQVpm3LMs.txt" successfully uploaded and files downloaded with same structure.
[2018/12/04 20:07:22] [INFO] File "E:/wamp64/www/ImgMod\urlsSource\09hIbV7hBnCU50tyaqQc.txt" successfully uploaded and files downloaded with same structure.
[2018/12/04 20:07:32] [INFO] File "E:/wamp64/www/ImgMod\urlsSource\sNWsc6Qwdbium89Wo1wq.txt" successfully uploaded and files downloaded with same structure.
[2018/12/04 20:08:22] [INFO] File "E:/wamp64/www/ImgMod\urlsSource\mo4t971xAyozi7swah8H.txt" successfully uploaded and files downloaded with same structure.
[2018/12/04 20:09:13] [INFO] File "E:/wamp64/www/ImgMod\urlsSource\vRTMklspK5vvvS4cFw09.txt" successfully uploaded and files downloaded with same structure.
[2018/12/04 20:09:36] [INFO] File "E:/wamp64/www/ImgMod\urlsSource\XlqY8iq3ahRce9yhveo5.txt" successfully uploaded and files downloaded with same structure.
[2018/12/04 20:18:49] [INFO] File "E:/wamp64/www/ImgMod\urlsSource\Ywqx9aBaewytXIJRSe3c.txt" successfully uploaded and files downloaded with same structure.
[2018/12/04 20:20:14] [INFO] File "E:/wamp64/www/ImgMod\urlsSource\Prqp5UY6OPk6Dpul9omL.txt" successfully uploaded and files downloaded with same structure.
[2018/12/04 20:20:38] [INFO] File "E:/wamp64/www/ImgMod\urlsSource\iUBzLMOI8WQCVPpRe3nt.txt" successfully uploaded and files downloaded with same structure.
[2018/12/04 20:27:54] [INFO] File "E:/wamp64/www/ImgMod\urlsSource\V9OY3khR3XDBgFm03sEh.txt" successfully uploaded and files downloaded with same structure.
[2018/12/04 20:28:24] [INFO] File "E:/wamp64/www/ImgMod\urlsSource\U9vyMJuJaT9kGlCTcdtS.txt" successfully uploaded and files downloaded with same structure.
[2018/12/04 20:30:13] [INFO] File "E:/wamp64/www/ImgMod\urlsSource\hOzOQyT0RUjKdocQopiD.txt" successfully uploaded and files downloaded with same structure.
[2018/12/04 20:30:20] [INFO] File "E:/wamp64/www/ImgMod\urlsSource\gK1Kyl0x2g1DaL4Nrp90.txt" successfully uploaded and files downloaded with same structure.
[2018/12/04 20:36:07] [INFO] File "E:/wamp64/www/ImgMod\urlsSource\3Hf9sla5lVGSo1GDYnC3.txt" successfully uploaded and files downloaded with same structure.
[2018/12/04 20:36:33] [INFO] File "E:/wamp64/www/ImgMod\urlsSource\YuYOtzxfQOZ6qPpdsVGf.txt" successfully uploaded and files downloaded with same structure.
[2018/12/04 20:36:49] [INFO] File "E:/wamp64/www/ImgMod\urlsSource\DoTzDk27hHcPquF6GCFo.txt" successfully uploaded and files downloaded with same structure.
[2018/12/04 20:39:04] [INFO] File "E:/wamp64/www/ImgMod\urlsSource\jkFr9dNixvsCn1UBIzF1.txt" successfully uploaded and files downloaded with same structure.
[2018/12/04 20:41:12] [INFO] File "E:/wamp64/www/ImgMod\urlsSource\7xJyhHjext9eqkJukNi6.txt" successfully uploaded and files downloaded with same structure.
[2018/12/04 20:41:54] [INFO] File "E:/wamp64/www/ImgMod\urlsSource\89aTLBqMPpCbs9egq6bO.txt" successfully uploaded and files downloaded with same structure.
[2018/12/04 20:42:12] [INFO] File "E:/wamp64/www/ImgMod\urlsSource\no0qgbuck8x1WL5dEqL6.txt" successfully uploaded and files downloaded with same structure.
[2018/12/04 20:42:26] [INFO] File "E:/wamp64/www/ImgMod\urlsSource\0pmBGy3y9A3c9g6XZEFX.txt" successfully uploaded and files downloaded with same structure.
[2018/12/04 20:43:10] [INFO] File "E:/wamp64/www/ImgMod\urlsSource\rUAWaPMptfaKhJAkKLAW.txt" successfully uploaded and files downloaded with same structure.
[2018/12/04 20:43:35] [INFO] File "E:/wamp64/www/ImgMod\urlsSource\GDTWBGHNadwtByGnU8cM.txt" successfully uploaded and files downloaded with same structure.
[2018/12/04 20:44:18] [INFO] File "E:/wamp64/www/ImgMod\urlsSource\tPL58s1ntWk4op070G42.txt" successfully uploaded and files downloaded with same structure.
[2018/12/04 20:49:21] [INFO] File "E:/wamp64/www/ImgMod\urlsSource\YY1LYA2xl2aoatKyBnxE.txt" successfully uploaded and files downloaded with same structure.
[2018/12/04 20:49:49] [INFO] File "E:/wamp64/www/ImgMod\urlsSource\GoIxpdC2OWnsKrPBZedF.txt" successfully uploaded and files downloaded with same structure.
[2018/12/04 20:49:55] [INFO] File "E:/wamp64/www/ImgMod\urlsSource\pK4B4a81Fun6et62lP8R.txt" successfully uploaded and files downloaded with same structure.
[2018/12/04 20:49:59] [INFO] File "E:/wamp64/www/ImgMod\urlsSource\e5GDoCRqekGcBCV3QEPL.txt" successfully uploaded and files downloaded with same structure.
[2018/12/04 20:50:57] [INFO] File "E:/wamp64/www/ImgMod\urlsSource\nQJEjUzaNjvURvsfeKBc.txt" successfully uploaded and files downloaded with same structure.
[2018/12/04 20:54:45] [INFO] File "E:/wamp64/www/ImgMod\urlsSource\vYyoEIbSVNCb3EmKXZar.txt" successfully uploaded and files downloaded with same structure.
[2018/12/04 20:54:57] [INFO] File "E:/wamp64/www/ImgMod\urlsSource\HH30w7v5TzW9LsAfdFEl.txt" successfully uploaded and files downloaded with same structure.
[2018/12/04 20:55:12] [INFO] File "E:/wamp64/www/ImgMod\urlsSource\kmPYiXmT4YJhiyIXme5x.txt" successfully uploaded and files downloaded with same structure.
[2018/12/04 21:00:07] [INFO] File "E:/wamp64/www/ImgMod\urlsSource\JISEPO2pmBpFt3BKpBic.txt" successfully uploaded and files downloaded with same structure.
[2018/12/04 21:00:22] [INFO] File "E:/wamp64/www/ImgMod\urlsSource\DVDGCjd6dcaipab5QyDh.txt" successfully uploaded and files downloaded with same structure.
[2018/12/04 21:01:10] [INFO] File "E:/wamp64/www/ImgMod\urlsSource\Q4ZgZ13Pc6PmMIZ5s7ME.txt" successfully uploaded and files downloaded with same structure.
[2018/12/04 21:01:17] [INFO] File "E:/wamp64/www/ImgMod\urlsSource\DK6PpXMMvFS8l697Kczz.txt" successfully uploaded and files downloaded with same structure.
[2018/12/04 21:01:42] [INFO] File "E:/wamp64/www/ImgMod\urlsSource\uE8AQ6Ao78sqgW1EjLXw.txt" successfully uploaded and files downloaded with same structure.
[2018/12/04 21:06:28] [INFO] File "E:/wamp64/www/ImgMod\urlsSource\OS6snDwaCFVrFsBmg3W4.txt" successfully uploaded and files downloaded with same structure.
[2018/12/04 21:06:51] [INFO] File "E:/wamp64/www/ImgMod\urlsSource\EDNnJqnfNPRwW83nIXFf.txt" successfully uploaded and files downloaded with same structure.
[2018/12/04 21:07:17] [INFO] File "E:/wamp64/www/ImgMod\urlsSource\USCtJjqIl8qoQYoJbC4l.txt" successfully uploaded and files downloaded with same structure.
[2018/12/04 21:07:43] [INFO] File "E:/wamp64/www/ImgMod\urlsSource\OaWRhwovus6UCmHeS1nr.txt" successfully uploaded and files downloaded with same structure.
[2018/12/04 21:07:55] [INFO] File "E:/wamp64/www/ImgMod\urlsSource\CNBasFNLBkv8keeLkoAB.txt" successfully uploaded and files downloaded with same structure.
[2018/12/04 21:14:52] [INFO] File "E:/wamp64/www/ImgMod\urlsSource\8P4LVazGPSoGN8ECaCqo.txt" successfully uploaded and files downloaded with same structure.
[2018/12/04 21:15:24] [INFO] File "E:/wamp64/www/ImgMod\urlsSource\knRYmJoDeyQGMvMPwO86.txt" successfully uploaded and files downloaded with same structure.
[2018/12/04 21:15:34] [INFO] File "E:/wamp64/www/ImgMod\urlsSource\xhAhy5ItonVl0siYh2jL.txt" successfully uploaded and files downloaded with same structure.
[2018/12/04 21:15:59] [INFO] File "E:/wamp64/www/ImgMod\urlsSource\3D0l1qm1UNxyKUdFCkEl.txt" successfully uploaded and files downloaded with same structure.
[2018/12/04 21:16:23] [INFO] File "E:/wamp64/www/ImgMod\urlsSource\K7Nk3OsaCjwUROb5h3z0.txt" successfully uploaded and files downloaded with same structure.
[2018/12/04 21:16:29] [INFO] File "E:/wamp64/www/ImgMod\urlsSource\gklaXQCeBYYsQ05e2oHX.txt" successfully uploaded and files downloaded with same structure.
[2018/12/04 21:16:33] [INFO] File "E:/wamp64/www/ImgMod\urlsSource\plJMERwv3sAvvQqViVpL.txt" successfully uploaded and files downloaded with same structure.
[2018/12/04 21:17:11] [INFO] File "E:/wamp64/www/ImgMod\urlsSource\aoTnkC5ip59fcgwAeJE0.txt" successfully uploaded and files downloaded with same structure.
[2018/12/04 21:17:48] [INFO] File "E:/wamp64/www/ImgMod\urlsSource\aedfOvURtJGjIxAmpDT0.txt" successfully uploaded and files downloaded with same structure.
[2018/12/04 21:40:23] [INFO] File "E:/wamp64/www/ImgMod\urlsSource\qQPSe855ANCnzqWkEXHa.txt" successfully uploaded and files downloaded with same structure.
[2018/12/04 21:42:00] [INFO] File "E:/wamp64/www/ImgMod\urlsSource\2F6IF2RSUcLjNGEV2Qdw.txt" successfully uploaded and files downloaded with same structure.
[2018/12/04 21:45:06] [INFO] File "E:/wamp64/www/ImgMod\urlsSource\16zhlxLacWMOjobCWpCm.txt" successfully uploaded and files downloaded with same structure.
[2018/12/04 22:04:50] [INFO] File "E:/wamp64/www/ImgMod\urlsSource\MvsgLFHizDy5rK8MCdk3.txt" successfully uploaded and files downloaded with same structure.
[2018/12/04 22:05:16] [INFO] File "E:/wamp64/www/ImgMod\urlsSource\VHhOwj5PAN3pKbLK2aNL.txt" successfully uploaded and files downloaded with same structure.
[2018/12/04 22:05:37] [INFO] File "E:/wamp64/www/ImgMod\urlsSource\0WOzwQ5MGVyJRKmgxDtp.txt" successfully uploaded and files downloaded with same structure.
[2018/12/04 22:05:45] [INFO] File "E:/wamp64/www/ImgMod\urlsSource\MZpDV8sRCzdTfDYqYFLt.txt" successfully uploaded and files downloaded with same structure.
[2018/12/04 22:21:38] [INFO] File "E:/wamp64/www/ImgMod\urlsSource\ZgBdmVaCIzquOpGj6tJs.txt" successfully uploaded and files downloaded with same structure.
[2018/12/04 22:22:35] [INFO] File "E:/wamp64/www/ImgMod\urlsSource\3o2C39X4tzgS2UinUsZw.txt" successfully uploaded and files downloaded with same structure.
[2018/12/04 22:22:50] [INFO] File "E:/wamp64/www/ImgMod\urlsSource\HE4f8IM2C4Jc8BU0E61o.txt" successfully uploaded and files downloaded with same structure.
[2018/12/04 22:24:18] [INFO] File "E:/wamp64/www/ImgMod\urlsSource\sCBJM865VGQcuWHwGEoI.txt" successfully uploaded and files downloaded with same structure.
[2018/12/04 22:26:08] [INFO] File "E:/wamp64/www/ImgMod\urlsSource\4N5BqJqQzbytlyTY1ZY1.txt" successfully uploaded and files downloaded with same structure.
[2018/12/04 22:27:34] [INFO] File "E:/wamp64/www/ImgMod\urlsSource\vEd6cLpTBPcmD3gcHdzo.txt" successfully uploaded and files downloaded with same structure.
[2018/12/04 22:29:59] [INFO] File "E:/wamp64/www/ImgMod\urlsSource\TreMtVHNFsIoachMSHRi.txt" successfully uploaded and files downloaded with same structure.
[2018/12/04 22:43:52] [INFO] File "E:/wamp64/www/ImgMod\urlsSource\HZLll740WUekbVYROhpr.txt" successfully uploaded and files downloaded with same structure.
[2018/12/04 22:44:28] [INFO] File "E:/wamp64/www/ImgMod\urlsSource\ia6aflyuzxi7ITXIxSDc.txt" successfully uploaded and files downloaded with same structure.
[2018/12/04 22:45:15] [INFO] File "E:/wamp64/www/ImgMod\urlsSource\4p6M8IVwbOjwrzcA4c5Z.txt" successfully uploaded and files downloaded with same structure.
[2018/12/04 22:47:00] [INFO] File "E:/wamp64/www/ImgMod\urlsSource\F7qHq5C4lrAQy8mixXke.txt" successfully uploaded and files downloaded with same structure.
[2018/12/04 22:47:17] [INFO] File "E:/wamp64/www/ImgMod\urlsSource\5E3l7nGg73oKr5X9oLON.txt" successfully uploaded and files downloaded with same structure.
[2018/12/04 22:48:41] [INFO] File "E:/wamp64/www/ImgMod\urlsSource\5Uz5LYgctk5ovn5nJeWo.txt" successfully uploaded and files downloaded with same structure.
[2018/12/04 22:50:24] [INFO] File "E:/wamp64/www/ImgMod\urlsSource\DDwqBQcKXgCJOSjEFxDi.txt" successfully uploaded and files downloaded with same structure.
[2018/12/04 22:50:36] [INFO] File "E:/wamp64/www/ImgMod\urlsSource\s0SCZiGrsfGqDMq2z3I9.txt" successfully uploaded and files downloaded with same structure.
[2018/12/04 22:51:17] [INFO] File "E:/wamp64/www/ImgMod\urlsSource\MwA7jklSyUTS0lPIpcFf.txt" successfully uploaded and files downloaded with same structure.
[2018/12/04 22:52:18] [INFO] File "E:/wamp64/www/ImgMod\urlsSource\TmNuNjGLogsLDHcR51MA.txt" successfully uploaded and files downloaded with same structure.
[2018/12/04 22:52:28] [INFO] File "E:/wamp64/www/ImgMod\urlsSource\rb5KDLJBoar67uR6kOSK.txt" successfully uploaded and files downloaded with same structure.
[2018/12/04 22:54:17] [INFO] File "E:/wamp64/www/ImgMod\urlsSource\zIB7ywtf0pd5AA7Is9vX.txt" successfully uploaded and files downloaded with same structure.
[2018/12/04 22:54:25] [INFO] File "E:/wamp64/www/ImgMod\urlsSource\2o2GEo2FLWOcxgD16ejr.txt" successfully uploaded and files downloaded with same structure.
[2018/12/04 22:54:38] [INFO] File "E:/wamp64/www/ImgMod\urlsSource\XQTd2RrN1oRjQKcw7914.txt" successfully uploaded and files downloaded with same structure.
[2018/12/04 22:55:54] [INFO] File "E:/wamp64/www/ImgMod\urlsSource\zcf41rHb00PjmDO7F4OY.txt" successfully uploaded and files downloaded with same structure.
[2018/12/04 22:56:36] [INFO] File "E:/wamp64/www/ImgMod\urlsSource\4NsQIHZFBf42ZTzAA1CL.txt" successfully uploaded and files downloaded with same structure.
